<?xml version="1.0" encoding="UTF-8"?>
<!-- Generated by org.testng.reporters.JUnitXMLReporter -->
<testsuite ignored="0" hostname="subbulu-MacBook-Pro.local" failures="0" tests="3" name="Default test" time="0.7" errors="0" timestamp="2021-10-10T20:32:56 BST">
  <testcase classname="com.webAPI.tests.APICallResponseTest" name="APICall1" time="0.479"/>
  <testcase classname="com.webAPI.tests.APICallResponseTest" name="APICall2basedonAPICall1" time="0.018"/>
  <testcase classname="com.webAPI.tests.APICallResponseTest" name="APICall3" time="0.161"/>
</testsuite> <!-- Default test -->
