<?xml version="1.0" encoding="UTF-8"?>
<!-- Generated by org.testng.reporters.JUnitXMLReporter -->
<testsuite ignored="0" hostname="subbulu-MacBook-Pro.local" failures="0" tests="2" name="AndroidTest" time="10.204" errors="0" timestamp="2021-10-10T22:16:34 BST">
  <testcase classname="com.mobileapp.tests.MobileAppUserFlow" name="@BeforeMethod beforeMethod" time="0.191">
    <failure type="java.lang.IllegalArgumentException" message="@$Proxy14: one of [uiAutomator, accessibility, className, id, tagName, name, xpath, linkText, partialLinkText, windowsAutomation, iOSClassChain, iOSNsPredicate] should be filled">
      <![CDATA[java.lang.IllegalArgumentException: @$Proxy14: one of [uiAutomator, accessibility, className, id, tagName, name, xpath, linkText, partialLinkText, windowsAutomation, iOSClassChain, iOSNsPredicate] should be filled
at io.appium.java_client.pagefactory.bys.builder.AppiumByBuilder.getFilledValue(AppiumByBuilder.java:109)
at io.appium.java_client.pagefactory.bys.builder.AppiumByBuilder.createBy(AppiumByBuilder.java:148)
at io.appium.java_client.pagefactory.DefaultElementByBuilder.getBys(DefaultElementByBuilder.java:133)
at io.appium.java_client.pagefactory.DefaultElementByBuilder.buildMobileNativeBy(DefaultElementByBuilder.java:177)
at io.appium.java_client.pagefactory.DefaultElementByBuilder.buildBy(DefaultElementByBuilder.java:216)
at io.appium.java_client.pagefactory.AppiumElementLocatorFactory.createLocator(AppiumElementLocatorFactory.java:66)
at io.appium.java_client.pagefactory.AppiumElementLocatorFactory.createLocator(AppiumElementLocatorFactory.java:53)
at io.appium.java_client.pagefactory.AppiumElementLocatorFactory.createLocator(AppiumElementLocatorFactory.java:1)
at org.openqa.selenium.support.pagefactory.DefaultFieldDecorator.decorate(DefaultFieldDecorator.java:56)
at io.appium.java_client.pagefactory.AppiumFieldDecorator.decorate(AppiumFieldDecorator.java:155)
at org.openqa.selenium.support.PageFactory.proxyFields(PageFactory.java:113)
at org.openqa.selenium.support.PageFactory.initElements(PageFactory.java:105)
at com.mobileAppPages.MobileAppPageLocators.<init>(MobileAppPageLocators.java:14)
at com.mobileapp.tests.MobileAppUserFlow.beforeMethod(MobileAppUserFlow.java:31)
at java.base/java.util.ArrayList.forEach(ArrayList.java:1540)
... Removed 31 stack frames]]>
    </failure>
  </testcase> <!-- @BeforeMethod beforeMethod -->
  <testcase classname="com.mobileapp.tests.MobileAppUserFlow" name="@AfterMethod afterMethod" time="-1.633900594544E9">
    <skipped/>
  </testcase> <!-- @AfterMethod afterMethod -->
  <testcase classname="com.mobileapp.tests.MobileAppUserFlow" name="@BeforeMethod beforeMethod" time="-1.633900594546E9">
    <skipped/>
  </testcase> <!-- @BeforeMethod beforeMethod -->
  <testcase classname="com.mobileapp.tests.MobileAppUserFlow" name="@AfterMethod afterMethod" time="-1.633900594554E9">
    <skipped/>
  </testcase> <!-- @AfterMethod afterMethod -->
  <testcase classname="com.mobileapp.tests.MobileAppUserFlow" name="@AfterClass afterClass" time="-1.633900594556E9">
    <skipped/>
  </testcase> <!-- @AfterClass afterClass -->
  <testcase classname="com.base.BaseTest" name="@AfterTest afterTest" time="-1.633900594558E9">
    <skipped/>
  </testcase> <!-- @AfterTest afterTest -->
  <testcase classname="com.mobileapp.tests.MobileAppUserFlow" name="MobileUserFlowTestWithoutSigningIn" time="0.0">
    <skipped/>
  </testcase> <!-- MobileUserFlowTestWithoutSigningIn -->
  <testcase classname="com.mobileapp.tests.MobileAppUserFlow" name="MobileUserFlowWithSigningIn" time="0.0">
    <skipped/>
  </testcase> <!-- MobileUserFlowWithSigningIn -->
</testsuite> <!-- AndroidTest -->
